<?xml version="1.0" encoding="UTF-8"?>
<!-- Generated by org.testng.reporters.JUnitReportReporter -->
<testsuite hostname="DESKTOP-JJTOD7N" failures="0" tests="1" name="com.amazon.testCases.TC_SearchAProductTest" time="15.482" errors="0" timestamp="2021-10-24T11:39:20 IST" skipped="0">
  <testcase classname="com.amazon.testCases.TC_SearchAProductTest" name="searchAProductTest" time="15.482"/>
  <system-out/>
</testsuite> <!-- com.amazon.testCases.TC_SearchAProductTest -->
