<?xml version="1.0" encoding="UTF-8"?>
<!-- Generated by org.testng.reporters.JUnitReportReporter -->
<testsuite hostname="DESKTOP-JJTOD7N" failures="0" tests="1" name="com.amazon.testCases.TC_RemoveAProductFromCartTest_004" time="19.118" errors="0" timestamp="2021-10-29T14:36:40 IST" skipped="0">
  <testcase classname="com.amazon.testCases.TC_RemoveAProductFromCartTest_004" name="removeAProductFromCart" time="19.118"/>
  <system-out/>
</testsuite> <!-- com.amazon.testCases.TC_RemoveAProductFromCartTest_004 -->
