<?xml version="1.0" encoding="UTF-8"?>
<!-- Generated by org.testng.reporters.JUnitReportReporter -->
<testsuite hostname="DESKTOP-JJTOD7N" failures="0" tests="1" name="com.amazon.testCases.TC_AddAProductToCartTest" time="12.448" errors="0" timestamp="2021-10-29T12:33:50 IST" skipped="0">
  <testcase classname="com.amazon.testCases.TC_AddAProductToCartTest" name="addAProductToCart" time="12.448"/>
  <system-out/>
</testsuite> <!-- com.amazon.testCases.TC_AddAProductToCartTest -->
