<?xml version="1.0" encoding="UTF-8"?>
<!-- Generated by org.testng.reporters.JUnitReportReporter -->
<testsuite hostname="DESKTOP-JJTOD7N" failures="0" tests="40" name="com.amazon.testCases.TC_SearchAProduct_DDT_006" time="666.905" errors="0" timestamp="2021-11-02T09:22:13 IST" skipped="0">
  <testcase classname="com.amazon.testCases.TC_SearchAProduct_DDT_006" name="searchAProductDDT" time="16.574"/>
  <system-out/>
  <testcase classname="com.amazon.testCases.TC_SearchAProduct_DDT_006" name="searchAProductDDT" time="16.154"/>
  <system-out/>
  <testcase classname="com.amazon.testCases.TC_SearchAProduct_DDT_006" name="searchAProductDDT" time="16.341"/>
  <system-out/>
  <testcase classname="com.amazon.testCases.TC_SearchAProduct_DDT_006" name="searchAProductDDT" time="16.139"/>
  <system-out/>
  <testcase classname="com.amazon.testCases.TC_SearchAProduct_DDT_006" name="searchAProductDDT" time="17.561"/>
  <system-out/>
  <testcase classname="com.amazon.testCases.TC_SearchAProduct_DDT_006" name="searchAProductDDT" time="18.151"/>
  <system-out/>
  <testcase classname="com.amazon.testCases.TC_SearchAProduct_DDT_006" name="searchAProductDDT" time="16.660"/>
  <system-out/>
  <testcase classname="com.amazon.testCases.TC_SearchAProduct_DDT_006" name="searchAProductDDT" time="16.365"/>
  <system-out/>
  <testcase classname="com.amazon.testCases.TC_SearchAProduct_DDT_006" name="searchAProductDDT" time="18.571"/>
  <system-out/>
  <testcase classname="com.amazon.testCases.TC_SearchAProduct_DDT_006" name="searchAProductDDT" time="16.072"/>
  <system-out/>
  <testcase classname="com.amazon.testCases.TC_SearchAProduct_DDT_006" name="searchAProductDDT" time="16.567"/>
  <system-out/>
  <testcase classname="com.amazon.testCases.TC_SearchAProduct_DDT_006" name="searchAProductDDT" time="16.233"/>
  <system-out/>
  <testcase classname="com.amazon.testCases.TC_SearchAProduct_DDT_006" name="searchAProductDDT" time="17.343"/>
  <system-out/>
  <testcase classname="com.amazon.testCases.TC_SearchAProduct_DDT_006" name="searchAProductDDT" time="15.941"/>
  <system-out/>
  <testcase classname="com.amazon.testCases.TC_SearchAProduct_DDT_006" name="searchAProductDDT" time="16.483"/>
  <system-out/>
  <testcase classname="com.amazon.testCases.TC_SearchAProduct_DDT_006" name="searchAProductDDT" time="16.775"/>
  <system-out/>
  <testcase classname="com.amazon.testCases.TC_SearchAProduct_DDT_006" name="searchAProductDDT" time="18.688"/>
  <system-out/>
  <testcase classname="com.amazon.testCases.TC_SearchAProduct_DDT_006" name="searchAProductDDT" time="16.742"/>
  <system-out/>
  <testcase classname="com.amazon.testCases.TC_SearchAProduct_DDT_006" name="searchAProductDDT" time="16.182"/>
  <system-out/>
  <testcase classname="com.amazon.testCases.TC_SearchAProduct_DDT_006" name="searchAProductDDT" time="16.620"/>
  <system-out/>
  <testcase classname="com.amazon.testCases.TC_SearchAProduct_DDT_006" name="searchAProductDDT" time="16.169"/>
  <system-out/>
  <testcase classname="com.amazon.testCases.TC_SearchAProduct_DDT_006" name="searchAProductDDT" time="16.507"/>
  <system-out/>
  <testcase classname="com.amazon.testCases.TC_SearchAProduct_DDT_006" name="searchAProductDDT" time="16.319"/>
  <system-out/>
  <testcase classname="com.amazon.testCases.TC_SearchAProduct_DDT_006" name="searchAProductDDT" time="16.507"/>
  <system-out/>
  <testcase classname="com.amazon.testCases.TC_SearchAProduct_DDT_006" name="searchAProductDDT" time="16.540"/>
  <system-out/>
  <testcase classname="com.amazon.testCases.TC_SearchAProduct_DDT_006" name="searchAProductDDT" time="16.220"/>
  <system-out/>
  <testcase classname="com.amazon.testCases.TC_SearchAProduct_DDT_006" name="searchAProductDDT" time="15.984"/>
  <system-out/>
  <testcase classname="com.amazon.testCases.TC_SearchAProduct_DDT_006" name="searchAProductDDT" time="16.468"/>
  <system-out/>
  <testcase classname="com.amazon.testCases.TC_SearchAProduct_DDT_006" name="searchAProductDDT" time="16.445"/>
  <system-out/>
  <testcase classname="com.amazon.testCases.TC_SearchAProduct_DDT_006" name="searchAProductDDT" time="16.134"/>
  <system-out/>
  <testcase classname="com.amazon.testCases.TC_SearchAProduct_DDT_006" name="searchAProductDDT" time="17.122"/>
  <system-out/>
  <testcase classname="com.amazon.testCases.TC_SearchAProduct_DDT_006" name="searchAProductDDT" time="16.369"/>
  <system-out/>
  <testcase classname="com.amazon.testCases.TC_SearchAProduct_DDT_006" name="searchAProductDDT" time="16.910"/>
  <system-out/>
  <testcase classname="com.amazon.testCases.TC_SearchAProduct_DDT_006" name="searchAProductDDT" time="17.290"/>
  <system-out/>
  <testcase classname="com.amazon.testCases.TC_SearchAProduct_DDT_006" name="searchAProductDDT" time="17.199"/>
  <system-out/>
  <testcase classname="com.amazon.testCases.TC_SearchAProduct_DDT_006" name="searchAProductDDT" time="16.781"/>
  <system-out/>
  <testcase classname="com.amazon.testCases.TC_SearchAProduct_DDT_006" name="searchAProductDDT" time="16.557"/>
  <system-out/>
  <testcase classname="com.amazon.testCases.TC_SearchAProduct_DDT_006" name="searchAProductDDT" time="16.190"/>
  <system-out/>
  <testcase classname="com.amazon.testCases.TC_SearchAProduct_DDT_006" name="searchAProductDDT" time="16.730"/>
  <system-out/>
  <testcase classname="com.amazon.testCases.TC_SearchAProduct_DDT_006" name="searchAProductDDT" time="16.302"/>
  <system-out/>
</testsuite> <!-- com.amazon.testCases.TC_SearchAProduct_DDT_006 -->
