<?xml version="1.0" encoding="UTF-8"?>
<!-- Generated by org.testng.reporters.JUnitReportReporter -->
<testsuite hostname="DESKTOP-JJTOD7N" failures="0" tests="1" name="com.amazon.testCases.TC_LandingPageTest" time="7.411" errors="0" timestamp="2021-10-29T14:52:25 IST" skipped="0">
  <testcase classname="com.amazon.testCases.TC_LandingPageTest" name="landingPageTest" time="7.411"/>
  <system-out/>
</testsuite> <!-- com.amazon.testCases.TC_LandingPageTest -->
