<?xml version="1.0" encoding="UTF-8"?>
<!-- Generated by org.testng.reporters.JUnitReportReporter -->
<testsuite hostname="DESKTOP-JJTOD7N" failures="0" tests="1" name="com.amazon.testCases.TC_ChangePageLanguageTest_002" time="5.356" errors="0" timestamp="2021-10-30T13:47:54 IST" skipped="0">
  <testcase classname="com.amazon.testCases.TC_ChangePageLanguageTest_002" name="landingPageTest" time="5.356"/>
  <system-out/>
</testsuite> <!-- com.amazon.testCases.TC_ChangePageLanguageTest_002 -->
