<?xml version="1.0" encoding="UTF-8"?>
<!-- Generated by org.testng.reporters.JUnitReportReporter -->
<testsuite hostname="DESKTOP-JJTOD7N" failures="0" tests="1" name="com.amazon.testCases.TC_RemoveAProductFromCartTest_005" time="17.306" errors="0" timestamp="2021-10-30T13:47:54 IST" skipped="0">
  <testcase classname="com.amazon.testCases.TC_RemoveAProductFromCartTest_005" name="removeAProductFromCart" time="17.306"/>
  <system-out/>
</testsuite> <!-- com.amazon.testCases.TC_RemoveAProductFromCartTest_005 -->
